[2026-02-06 01:08:00] INFO: Detected: macOS 26.2
[2026-02-06 01:08:00] SUCCESS: Domain format validated: localhost
[2026-02-06 01:08:00] INFO: Installation log: /Users/karunakerreddyv/ideaworks/pravaha/deploy/single-server/logs/install_20260206_010800.log
[2026-02-06 01:08:00] INFO: Resuming installation from checkpoint: Pulling Docker images...
[2026-02-06 01:08:00] INFO: Configuration:
[2026-02-06 01:08:00] INFO:   Domain:       localhost
[2026-02-06 01:08:00] INFO:   Deploy Dir:   /Users/karunakerreddyv/ideaworks/pravaha/deploy/single-server
[2026-02-06 01:08:00] INFO:   Build Images: false
[2026-02-06 01:08:00] INFO:   Skip Pull:    false
[2026-02-06 01:08:00] INFO:   Resume:       true
[2026-02-06 01:08:00] STEP: Running pre-flight checks...
[2026-02-06 01:08:00] INFO: Running pre-deployment validation checks...
[2026-02-06 01:08:00] INFO: Checking disk space (minimum 20GB required)...
[2026-02-06 01:08:00] SUCCESS: Disk space check passed: 228GB available
[2026-02-06 01:08:00] INFO: Checking available memory (minimum 8GB required)...
[2026-02-06 01:08:00] SUCCESS: Memory check passed: 16GB available
[2026-02-06 01:08:00] INFO: Checking Docker Desktop...
[2026-02-06 01:08:01] SUCCESS: Docker version: 28.5
[2026-02-06 01:08:01] SUCCESS: Docker Compose version: 2.40.3-desktop.1
[2026-02-06 01:08:01] INFO: Checking if required ports are available...
[2026-02-06 01:08:01] WARNING: The following ports are in use: 443 5432 6379 3000 8001 8088
[2026-02-06 01:08:01] WARNING: These services may conflict with the platform
[2026-02-06 01:08:01] SUCCESS: All pre-deployment checks passed
[2026-02-06 01:08:01] INFO: Checking network connectivity...
[2026-02-06 01:08:01] SUCCESS: DNS resolution working
[2026-02-06 01:08:02] SUCCESS: Docker Hub is reachable
[2026-02-06 01:08:02] STEP: Checking Docker...
[2026-02-06 01:08:02] INFO: Checking Docker Desktop...
[2026-02-06 01:08:02] SUCCESS: Docker version: 28.5
[2026-02-06 01:08:02] SUCCESS: Docker Compose version: 2.40.3-desktop.1
[2026-02-06 01:08:02] STEP: Setting up directories...
[2026-02-06 01:08:02] INFO: Setting up directories...
[2026-02-06 01:08:02] SUCCESS: Directories created
[2026-02-06 01:08:02] STEP: Generating NGINX configuration...
[2026-02-06 01:08:02] INFO: Generating NGINX configuration for localhost...
[2026-02-06 01:08:02] ERROR: Installation failed at step: Generating NGINX configuration...
[2026-02-06 01:08:02] ERROR: Exit code: 127
[2026-02-06 01:08:02] WARNING: To resume installation from this point, run:
[2026-02-06 01:08:02] WARNING:   scripts/install-macos.sh --domain localhost --resume
[2026-02-06 01:08:02] WARNING: To view installation log:
[2026-02-06 01:08:02] WARNING:   cat /Users/karunakerreddyv/ideaworks/pravaha/deploy/single-server/logs/install_20260206_010800.log
