[2026-02-06 01:11:11] INFO: Detected: macOS 26.2
[2026-02-06 01:11:11] SUCCESS: Domain format validated: localhost
[2026-02-06 01:11:11] INFO: Installation log: /Users/karunakerreddyv/ideaworks/pravaha/deploy/single-server/logs/install_20260206_011111.log
[2026-02-06 01:11:11] INFO: Resuming installation from checkpoint: Generating NGINX configuration...
[2026-02-06 01:11:11] INFO: Configuration:
[2026-02-06 01:11:11] INFO:   Domain:       localhost
[2026-02-06 01:11:11] INFO:   Deploy Dir:   /Users/karunakerreddyv/ideaworks/pravaha/deploy/single-server
[2026-02-06 01:11:11] INFO:   Build Images: false
[2026-02-06 01:11:11] INFO:   Skip Pull:    false
[2026-02-06 01:11:11] INFO:   Resume:       true
[2026-02-06 01:11:11] STEP: Running pre-flight checks...
[2026-02-06 01:11:11] INFO: Running pre-deployment validation checks...
[2026-02-06 01:11:11] INFO: Checking disk space (minimum 20GB required)...
[2026-02-06 01:11:11] SUCCESS: Disk space check passed: 228GB available
[2026-02-06 01:11:11] INFO: Checking available memory (minimum 8GB required)...
[2026-02-06 01:11:11] SUCCESS: Memory check passed: 16GB available
[2026-02-06 01:11:11] INFO: Checking Docker Desktop...
[2026-02-06 01:11:11] SUCCESS: Docker version: 28.5
[2026-02-06 01:11:11] SUCCESS: Docker Compose version: 2.40.3-desktop.1
[2026-02-06 01:11:11] INFO: Checking if required ports are available...
[2026-02-06 01:11:12] WARNING: The following ports are in use: 443 5432 6379 3000 8001 8088
[2026-02-06 01:11:12] WARNING: These services may conflict with the platform
[2026-02-06 01:11:12] SUCCESS: All pre-deployment checks passed
[2026-02-06 01:11:12] INFO: Checking network connectivity...
[2026-02-06 01:11:12] SUCCESS: DNS resolution working
[2026-02-06 01:11:12] SUCCESS: Docker Hub is reachable
[2026-02-06 01:11:12] STEP: Checking Docker...
[2026-02-06 01:11:12] INFO: Checking Docker Desktop...
[2026-02-06 01:11:12] SUCCESS: Docker version: 28.5
[2026-02-06 01:11:13] SUCCESS: Docker Compose version: 2.40.3-desktop.1
[2026-02-06 01:11:13] STEP: Setting up directories...
[2026-02-06 01:11:13] INFO: Setting up directories...
[2026-02-06 01:11:13] SUCCESS: Directories created
[2026-02-06 01:11:13] STEP: Generating NGINX configuration...
[2026-02-06 01:11:13] INFO: Generating NGINX configuration for localhost...
[2026-02-06 01:11:13] SUCCESS: NGINX configuration generated
[2026-02-06 01:11:13] STEP: Generating secrets...
[2026-02-06 01:11:13] INFO: Generating secure secrets...
[2026-02-06 01:11:13] WARNING: .env file already exists. Backing up and regenerating...
[2026-02-06 01:11:13] SUCCESS: Secrets generated
[2026-02-06 01:11:13] STEP: Generating audit keys...
[2026-02-06 01:11:13] INFO: Generating audit signature keys...
[2026-02-06 01:11:13] WARNING: Audit keys already exist. Skipping generation.
[2026-02-06 01:11:13] STEP: Setting up SSL certificates...
[2026-02-06 01:11:13] INFO: Generating self-signed SSL certificate for localhost...
[2026-02-06 01:11:13] WARNING: Self-signed certificate created. Browser will show security warning.
[2026-02-06 01:11:13] SUCCESS: SSL certificate generated
[2026-02-06 01:11:13] STEP: Pulling Docker images...
[2026-02-06 01:11:13] INFO: Pulling Docker images...
[2026-02-06 01:11:15] ERROR: Failed to pull Docker images
[2026-02-06 01:11:15] ERROR: Check your network connectivity and Docker Hub access
[2026-02-06 01:11:15] ERROR: Failed to pull images
[2026-02-06 01:11:15] ERROR: Installation failed at step: Pulling Docker images...
[2026-02-06 01:11:15] ERROR: Exit code: 1
[2026-02-06 01:11:15] WARNING: To resume installation from this point, run:
[2026-02-06 01:11:15] WARNING:   scripts/install-macos.sh --domain localhost --resume
[2026-02-06 01:11:15] WARNING: To view installation log:
[2026-02-06 01:11:15] WARNING:   cat /Users/karunakerreddyv/ideaworks/pravaha/deploy/single-server/logs/install_20260206_011111.log
