[2026-02-06 01:05:37] INFO: Installation log: /Users/karunakerreddyv/ideaworks/pravaha/deploy/single-server/logs/install_20260206_010537.log
[2026-02-06 01:05:37] INFO: Configuration:
[2026-02-06 01:05:37] INFO:   Domain:     localhost
[2026-02-06 01:05:37] INFO:   Deploy Dir: /Users/karunakerreddyv/ideaworks/pravaha/deploy/single-server
[2026-02-06 01:05:37] INFO:   Skip Pull:  false
[2026-02-06 01:05:37] INFO:   Resume:     false
[2026-02-06 01:05:37] STEP: Running pre-flight checks...
[2026-02-06 01:05:37] INFO: Running pre-deployment validation checks...
[2026-02-06 01:05:37] INFO: Checking disk space (minimum 20GB required)...
[2026-02-06 01:05:37] SUCCESS: Disk space check passed: 228GB available
[2026-02-06 01:05:37] INFO: Checking available memory (minimum 8GB required)...
[2026-02-06 01:05:37] SUCCESS: Memory check passed: 16GB available
[2026-02-06 01:05:37] INFO: Checking Docker Desktop...
[2026-02-06 01:05:38] SUCCESS: Docker version: 28.5
[2026-02-06 01:05:38] SUCCESS: Docker Compose version: 2.40.3-desktop.1
[2026-02-06 01:05:38] INFO: Checking if required ports are available...
[2026-02-06 01:05:40] WARNING: The following ports are in use: 443 5432 6379 3000 8001 8088
[2026-02-06 01:05:40] WARNING: These services may conflict with the platform
[2026-02-06 01:05:40] SUCCESS: All pre-deployment checks passed
[2026-02-06 01:05:40] INFO: Checking network connectivity...
[2026-02-06 01:05:40] SUCCESS: DNS resolution working
[2026-02-06 01:05:41] SUCCESS: Docker Hub is reachable
[2026-02-06 01:05:41] STEP: Checking Docker...
[2026-02-06 01:05:41] INFO: Checking Docker Desktop...
[2026-02-06 01:05:41] SUCCESS: Docker version: 28.5
[2026-02-06 01:05:41] SUCCESS: Docker Compose version: 2.40.3-desktop.1
[2026-02-06 01:05:41] STEP: Setting up directories...
[2026-02-06 01:05:41] INFO: Setting up directories...
[2026-02-06 01:05:41] SUCCESS: Directories created
[2026-02-06 01:05:41] STEP: Generating NGINX configuration...
[2026-02-06 01:05:41] INFO: Generating NGINX configuration for localhost...
[2026-02-06 01:05:42] SUCCESS: NGINX configuration generated
[2026-02-06 01:05:42] STEP: Generating secrets...
[2026-02-06 01:05:42] INFO: Generating secure secrets...
[2026-02-06 01:05:42] SUCCESS: Secrets generated
[2026-02-06 01:05:42] STEP: Generating audit keys...
[2026-02-06 01:05:42] INFO: Generating audit signature keys...
[2026-02-06 01:05:42] SUCCESS: Audit signature keys generated
[2026-02-06 01:05:42] STEP: Setting up SSL certificates...
[2026-02-06 01:05:42] INFO: Generating self-signed SSL certificate for localhost...
[2026-02-06 01:05:42] WARNING: Self-signed certificate created. Browser will show security warning.
[2026-02-06 01:05:42] SUCCESS: SSL certificate generated
[2026-02-06 01:05:42] STEP: Pulling Docker images...
[2026-02-06 01:05:42] INFO: Pulling Docker images...
[2026-02-06 01:05:48] ERROR: Failed to pull Docker images
[2026-02-06 01:05:48] ERROR: Check your network connectivity and Docker Hub access
[2026-02-06 01:05:48] ERROR: Failed to pull images
[2026-02-06 01:05:48] ERROR: Installation failed at step: Pulling Docker images...
[2026-02-06 01:05:48] ERROR: Exit code: 1
[2026-02-06 01:05:48] WARNING: To resume installation from this point, run:
[2026-02-06 01:05:48] WARNING:   scripts/install-macos.sh --domain localhost --resume
[2026-02-06 01:05:48] WARNING: To view installation log:
[2026-02-06 01:05:48] WARNING:   cat /Users/karunakerreddyv/ideaworks/pravaha/deploy/single-server/logs/install_20260206_010537.log
