[2026-02-06 01:11:54] INFO: Detected: macOS 26.2
[2026-02-06 01:11:54] SUCCESS: Domain format validated: localhost
[2026-02-06 01:11:54] INFO: Installation log: /Users/karunakerreddyv/ideaworks/pravaha/deploy/single-server/logs/install_20260206_011154.log
[2026-02-06 01:11:54] INFO: Resuming installation from checkpoint: Pulling Docker images...
[2026-02-06 01:11:54] INFO: Configuration:
[2026-02-06 01:11:54] INFO:   Domain:       localhost
[2026-02-06 01:11:54] INFO:   Deploy Dir:   /Users/karunakerreddyv/ideaworks/pravaha/deploy/single-server
[2026-02-06 01:11:54] INFO:   Build Images: true
[2026-02-06 01:11:54] INFO:   Skip Pull:    true
[2026-02-06 01:11:54] INFO:   Resume:       true
[2026-02-06 01:11:54] STEP: Running pre-flight checks...
[2026-02-06 01:11:54] INFO: Running pre-deployment validation checks...
[2026-02-06 01:11:54] INFO: Checking disk space (minimum 20GB required)...
[2026-02-06 01:11:54] SUCCESS: Disk space check passed: 228GB available
[2026-02-06 01:11:54] INFO: Checking available memory (minimum 8GB required)...
[2026-02-06 01:11:54] SUCCESS: Memory check passed: 16GB available
[2026-02-06 01:11:54] INFO: Checking Docker Desktop...
[2026-02-06 01:11:55] SUCCESS: Docker version: 28.5
[2026-02-06 01:11:55] SUCCESS: Docker Compose version: 2.40.3-desktop.1
[2026-02-06 01:11:55] INFO: Checking if required ports are available...
[2026-02-06 01:11:55] WARNING: The following ports are in use: 443 5432 6379 3000 8001 8088
[2026-02-06 01:11:55] WARNING: These services may conflict with the platform
[2026-02-06 01:11:55] SUCCESS: All pre-deployment checks passed
[2026-02-06 01:11:55] STEP: Checking Docker...
[2026-02-06 01:11:55] INFO: Checking Docker Desktop...
[2026-02-06 01:11:55] SUCCESS: Docker version: 28.5
[2026-02-06 01:11:55] SUCCESS: Docker Compose version: 2.40.3-desktop.1
[2026-02-06 01:11:55] STEP: Setting up directories...
[2026-02-06 01:11:56] INFO: Setting up directories...
[2026-02-06 01:11:56] SUCCESS: Directories created
[2026-02-06 01:11:56] STEP: Generating NGINX configuration...
[2026-02-06 01:11:56] INFO: Generating NGINX configuration for localhost...
[2026-02-06 01:11:56] SUCCESS: NGINX configuration generated
[2026-02-06 01:11:56] STEP: Generating secrets...
[2026-02-06 01:11:56] INFO: Generating secure secrets...
[2026-02-06 01:11:56] WARNING: .env file already exists. Backing up and regenerating...
[2026-02-06 01:11:56] SUCCESS: Secrets generated
[2026-02-06 01:11:56] STEP: Generating audit keys...
[2026-02-06 01:11:56] INFO: Generating audit signature keys...
[2026-02-06 01:11:56] WARNING: Audit keys already exist. Skipping generation.
[2026-02-06 01:11:56] STEP: Setting up SSL certificates...
[2026-02-06 01:11:56] INFO: Generating self-signed SSL certificate for localhost...
[2026-02-06 01:11:56] WARNING: Self-signed certificate created. Browser will show security warning.
[2026-02-06 01:11:56] SUCCESS: SSL certificate generated
[2026-02-06 01:11:56] STEP: Building Docker images...
[2026-02-06 01:11:56] INFO: Building Docker images locally...
